[error] Failed to fetch Firebase Project from Studio Workspace because WORKSPACE_SLUG environment variable is empty
[error] Failed to fetch Firebase Project from Studio Workspace because WORKSPACE_SLUG environment variable is empty
[error] Failed to fetch Firebase Project from Studio Workspace because WORKSPACE_SLUG environment variable is empty
[error] Failed to fetch Firebase Project from Studio Workspace because WORKSPACE_SLUG environment variable is empty
[debug] [2025-11-10T23:15:39.913Z] > command requires scopes: ["email","openid","https://www.googleapis.com/auth/cloudplatformprojects.readonly","https://www.googleapis.com/auth/firebase","https://www.googleapis.com/auth/cloud-platform","https://www.googleapis.com/auth/userinfo.email"]
[debug] [2025-11-10T23:15:39.914Z] > authorizing via signed-in user (alberto.tsuna57@gmail.com)
[debug] [2025-11-10T23:15:39.926Z] Checked if tokens are valid: false, expires at: 1762477218805
[debug] [2025-11-10T23:15:39.927Z] Checked if tokens are valid: false, expires at: 1762477218805
[debug] [2025-11-10T23:15:39.927Z] > refreshing access token with scopes: []
[debug] [2025-11-10T23:15:39.930Z] >>> [apiv2][query] POST https://www.googleapis.com/oauth2/v3/token [none]
[debug] [2025-11-10T23:15:39.931Z] >>> [apiv2][body] POST https://www.googleapis.com/oauth2/v3/token [omitted]
[debug] [2025-11-10T23:15:39.959Z] Checked if tokens are valid: false, expires at: 1762477218805
[debug] [2025-11-10T23:15:39.959Z] Checked if tokens are valid: false, expires at: 1762477218805
[debug] [2025-11-10T23:15:39.960Z] > refreshing access token with scopes: []
[debug] [2025-11-10T23:15:39.961Z] >>> [apiv2][query] POST https://www.googleapis.com/oauth2/v3/token [none]
[debug] [2025-11-10T23:15:39.961Z] >>> [apiv2][body] POST https://www.googleapis.com/oauth2/v3/token [omitted]
[debug] [2025-11-10T23:15:39.964Z] Checked if tokens are valid: false, expires at: 1762477218805
[debug] [2025-11-10T23:15:39.964Z] Checked if tokens are valid: false, expires at: 1762477218805
[debug] [2025-11-10T23:15:39.965Z] > refreshing access token with scopes: []
[debug] [2025-11-10T23:15:39.965Z] >>> [apiv2][query] POST https://www.googleapis.com/oauth2/v3/token [none]
[debug] [2025-11-10T23:15:39.965Z] >>> [apiv2][body] POST https://www.googleapis.com/oauth2/v3/token [omitted]
[debug] [2025-11-10T23:15:39.977Z] Checked if tokens are valid: false, expires at: 1762477218805
[debug] [2025-11-10T23:15:39.978Z] Checked if tokens are valid: false, expires at: 1762477218805
[debug] [2025-11-10T23:15:39.978Z] > refreshing access token with scopes: []
[debug] [2025-11-10T23:15:39.978Z] >>> [apiv2][query] POST https://www.googleapis.com/oauth2/v3/token [none]
[debug] [2025-11-10T23:15:39.978Z] >>> [apiv2][body] POST https://www.googleapis.com/oauth2/v3/token [omitted]
[debug] [2025-11-10T23:15:39.981Z] Checked if tokens are valid: false, expires at: 1762477218805
[debug] [2025-11-10T23:15:39.981Z] Checked if tokens are valid: false, expires at: 1762477218805
[debug] [2025-11-10T23:15:39.981Z] > refreshing access token with scopes: []
[debug] [2025-11-10T23:15:39.981Z] >>> [apiv2][query] POST https://www.googleapis.com/oauth2/v3/token [none]
[debug] [2025-11-10T23:15:39.981Z] >>> [apiv2][body] POST https://www.googleapis.com/oauth2/v3/token [omitted]
[debug] [2025-11-10T23:15:39.983Z] > command requires scopes: ["email","openid","https://www.googleapis.com/auth/cloudplatformprojects.readonly","https://www.googleapis.com/auth/firebase","https://www.googleapis.com/auth/cloud-platform","https://www.googleapis.com/auth/userinfo.email"]
[debug] [2025-11-10T23:15:39.983Z] > authorizing via signed-in user (alberto.tsuna57@gmail.com)
[debug] [2025-11-10T23:15:39.984Z] Checked if tokens are valid: false, expires at: 1762477218805
[debug] [2025-11-10T23:15:39.984Z] Checked if tokens are valid: false, expires at: 1762477218805
[debug] [2025-11-10T23:15:39.985Z] > refreshing access token with scopes: []
[debug] [2025-11-10T23:15:39.985Z] >>> [apiv2][query] POST https://www.googleapis.com/oauth2/v3/token [none]
[debug] [2025-11-10T23:15:39.985Z] >>> [apiv2][body] POST https://www.googleapis.com/oauth2/v3/token [omitted]
[debug] [2025-11-10T23:15:39.987Z] Checked if tokens are valid: false, expires at: 1762477218805
[debug] [2025-11-10T23:15:39.987Z] Checked if tokens are valid: false, expires at: 1762477218805
[debug] [2025-11-10T23:15:39.987Z] > refreshing access token with scopes: []
[debug] [2025-11-10T23:15:39.987Z] >>> [apiv2][query] POST https://www.googleapis.com/oauth2/v3/token [none]
[debug] [2025-11-10T23:15:39.988Z] >>> [apiv2][body] POST https://www.googleapis.com/oauth2/v3/token [omitted]
[debug] [2025-11-10T23:15:39.989Z] Checked if tokens are valid: false, expires at: 1762477218805
[debug] [2025-11-10T23:15:39.989Z] Checked if tokens are valid: false, expires at: 1762477218805
[debug] [2025-11-10T23:15:39.989Z] > refreshing access token with scopes: []
[debug] [2025-11-10T23:15:39.990Z] >>> [apiv2][query] POST https://www.googleapis.com/oauth2/v3/token [none]
[debug] [2025-11-10T23:15:39.990Z] >>> [apiv2][body] POST https://www.googleapis.com/oauth2/v3/token [omitted]
[debug] [2025-11-10T23:15:39.994Z] Checked if tokens are valid: false, expires at: 1762477218805
[debug] [2025-11-10T23:15:39.994Z] Checked if tokens are valid: false, expires at: 1762477218805
[debug] [2025-11-10T23:15:39.994Z] > refreshing access token with scopes: []
[debug] [2025-11-10T23:15:39.994Z] >>> [apiv2][query] POST https://www.googleapis.com/oauth2/v3/token [none]
[debug] [2025-11-10T23:15:39.994Z] >>> [apiv2][body] POST https://www.googleapis.com/oauth2/v3/token [omitted]
[debug] [2025-11-10T23:15:39.997Z] Checked if tokens are valid: false, expires at: 1762477218805
[debug] [2025-11-10T23:15:39.997Z] Checked if tokens are valid: false, expires at: 1762477218805
[debug] [2025-11-10T23:15:39.997Z] > refreshing access token with scopes: []
[debug] [2025-11-10T23:15:39.998Z] >>> [apiv2][query] POST https://www.googleapis.com/oauth2/v3/token [none]
[debug] [2025-11-10T23:15:39.998Z] >>> [apiv2][body] POST https://www.googleapis.com/oauth2/v3/token [omitted]
[debug] [2025-11-10T23:15:40.120Z] <<< [apiv2][status] POST https://www.googleapis.com/oauth2/v3/token 200
[debug] [2025-11-10T23:15:40.120Z] <<< [apiv2][body] POST https://www.googleapis.com/oauth2/v3/token [omitted]
[debug] [2025-11-10T23:15:40.145Z] >>> [apiv2][query] GET https://serviceusage.googleapis.com/v1/projects/digital-library-33e04/services/cloudfunctions.googleapis.com [none]
[debug] [2025-11-10T23:15:40.146Z] >>> [apiv2][(partial)header] GET https://serviceusage.googleapis.com/v1/projects/digital-library-33e04/services/cloudfunctions.googleapis.com x-goog-quota-user=projects/digital-library-33e04
[debug] [2025-11-10T23:15:40.164Z] <<< [apiv2][status] POST https://www.googleapis.com/oauth2/v3/token 200
[debug] [2025-11-10T23:15:40.164Z] <<< [apiv2][body] POST https://www.googleapis.com/oauth2/v3/token [omitted]
[debug] [2025-11-10T23:15:40.179Z] >>> [apiv2][query] GET https://serviceusage.googleapis.com/v1/projects/digital-library-33e04/services/firebaseapphosting.googleapis.com [none]
[debug] [2025-11-10T23:15:40.179Z] >>> [apiv2][(partial)header] GET https://serviceusage.googleapis.com/v1/projects/digital-library-33e04/services/firebaseapphosting.googleapis.com x-goog-quota-user=projects/digital-library-33e04
[debug] [2025-11-10T23:15:40.187Z] <<< [apiv2][status] POST https://www.googleapis.com/oauth2/v3/token 200
[debug] [2025-11-10T23:15:40.188Z] <<< [apiv2][body] POST https://www.googleapis.com/oauth2/v3/token [omitted]
[debug] [2025-11-10T23:15:40.202Z] >>> [apiv2][query] GET https://serviceusage.googleapis.com/v1/projects/digital-library-33e04/services/firestore.googleapis.com [none]
[debug] [2025-11-10T23:15:40.202Z] >>> [apiv2][(partial)header] GET https://serviceusage.googleapis.com/v1/projects/digital-library-33e04/services/firestore.googleapis.com x-goog-quota-user=projects/digital-library-33e04
[debug] [2025-11-10T23:15:40.215Z] <<< [apiv2][status] POST https://www.googleapis.com/oauth2/v3/token 200
[debug] [2025-11-10T23:15:40.215Z] <<< [apiv2][body] POST https://www.googleapis.com/oauth2/v3/token [omitted]
[debug] [2025-11-10T23:15:40.231Z] >>> [apiv2][query] GET https://serviceusage.googleapis.com/v1/projects/digital-library-33e04/services/firestore.googleapis.com [none]
[debug] [2025-11-10T23:15:40.231Z] >>> [apiv2][(partial)header] GET https://serviceusage.googleapis.com/v1/projects/digital-library-33e04/services/firestore.googleapis.com x-goog-quota-user=projects/digital-library-33e04
[debug] [2025-11-10T23:15:40.267Z] <<< [apiv2][status] POST https://www.googleapis.com/oauth2/v3/token 200
[debug] [2025-11-10T23:15:40.268Z] <<< [apiv2][body] POST https://www.googleapis.com/oauth2/v3/token [omitted]
[debug] [2025-11-10T23:15:40.285Z] >>> [apiv2][query] GET https://serviceusage.googleapis.com/v1/projects/digital-library-33e04/services/firebaseio.com [none]
[debug] [2025-11-10T23:15:40.285Z] >>> [apiv2][(partial)header] GET https://serviceusage.googleapis.com/v1/projects/digital-library-33e04/services/firebaseio.com x-goog-quota-user=projects/digital-library-33e04
[debug] [2025-11-10T23:15:40.295Z] <<< [apiv2][status] POST https://www.googleapis.com/oauth2/v3/token 200
[debug] [2025-11-10T23:15:40.295Z] <<< [apiv2][body] POST https://www.googleapis.com/oauth2/v3/token [omitted]
[debug] [2025-11-10T23:15:40.311Z] >>> [apiv2][query] GET https://serviceusage.googleapis.com/v1/projects/digital-library-33e04/services/firebasedataconnect.googleapis.com [none]
[debug] [2025-11-10T23:15:40.311Z] >>> [apiv2][(partial)header] GET https://serviceusage.googleapis.com/v1/projects/digital-library-33e04/services/firebasedataconnect.googleapis.com x-goog-quota-user=projects/digital-library-33e04
[debug] [2025-11-10T23:15:40.323Z] <<< [apiv2][status] POST https://www.googleapis.com/oauth2/v3/token 200
[debug] [2025-11-10T23:15:40.323Z] <<< [apiv2][body] POST https://www.googleapis.com/oauth2/v3/token [omitted]
[debug] [2025-11-10T23:15:40.338Z] >>> [apiv2][query] GET https://serviceusage.googleapis.com/v1/projects/digital-library-33e04/services/firebaseapphosting.googleapis.com [none]
[debug] [2025-11-10T23:15:40.338Z] >>> [apiv2][(partial)header] GET https://serviceusage.googleapis.com/v1/projects/digital-library-33e04/services/firebaseapphosting.googleapis.com x-goog-quota-user=projects/digital-library-33e04
[debug] [2025-11-10T23:15:40.357Z] <<< [apiv2][status] POST https://www.googleapis.com/oauth2/v3/token 200
[debug] [2025-11-10T23:15:40.357Z] <<< [apiv2][body] POST https://www.googleapis.com/oauth2/v3/token [omitted]
[debug] [2025-11-10T23:15:40.371Z] >>> [apiv2][query] GET https://serviceusage.googleapis.com/v1/projects/digital-library-33e04/services/cloudfunctions.googleapis.com [none]
[debug] [2025-11-10T23:15:40.371Z] >>> [apiv2][(partial)header] GET https://serviceusage.googleapis.com/v1/projects/digital-library-33e04/services/cloudfunctions.googleapis.com x-goog-quota-user=projects/digital-library-33e04
[debug] [2025-11-10T23:15:40.373Z] <<< [apiv2][status] POST https://www.googleapis.com/oauth2/v3/token 200
[debug] [2025-11-10T23:15:40.373Z] <<< [apiv2][body] POST https://www.googleapis.com/oauth2/v3/token [omitted]
[debug] [2025-11-10T23:15:40.387Z] >>> [apiv2][query] GET https://serviceusage.googleapis.com/v1/projects/digital-library-33e04/services/firebaseio.com [none]
[debug] [2025-11-10T23:15:40.387Z] >>> [apiv2][(partial)header] GET https://serviceusage.googleapis.com/v1/projects/digital-library-33e04/services/firebaseio.com x-goog-quota-user=projects/digital-library-33e04
[debug] [2025-11-10T23:15:40.392Z] <<< [apiv2][status] POST https://www.googleapis.com/oauth2/v3/token 200
[debug] [2025-11-10T23:15:40.393Z] <<< [apiv2][body] POST https://www.googleapis.com/oauth2/v3/token [omitted]
[debug] [2025-11-10T23:15:40.407Z] >>> [apiv2][query] GET https://serviceusage.googleapis.com/v1/projects/digital-library-33e04/services/firebasedataconnect.googleapis.com [none]
[debug] [2025-11-10T23:15:40.407Z] >>> [apiv2][(partial)header] GET https://serviceusage.googleapis.com/v1/projects/digital-library-33e04/services/firebasedataconnect.googleapis.com x-goog-quota-user=projects/digital-library-33e04
[debug] [2025-11-10T23:15:40.442Z] <<< [apiv2][status] GET https://serviceusage.googleapis.com/v1/projects/digital-library-33e04/services/firebaseapphosting.googleapis.com 200
[debug] [2025-11-10T23:15:40.443Z] <<< [apiv2][body] GET https://serviceusage.googleapis.com/v1/projects/digital-library-33e04/services/firebaseapphosting.googleapis.com [omitted]
[debug] [2025-11-10T23:15:40.451Z] <<< [apiv2][status] GET https://serviceusage.googleapis.com/v1/projects/digital-library-33e04/services/firestore.googleapis.com 200
[debug] [2025-11-10T23:15:40.452Z] <<< [apiv2][body] GET https://serviceusage.googleapis.com/v1/projects/digital-library-33e04/services/firestore.googleapis.com [omitted]
[debug] [2025-11-10T23:15:40.453Z] <<< [apiv2][status] GET https://serviceusage.googleapis.com/v1/projects/digital-library-33e04/services/cloudfunctions.googleapis.com 200
[debug] [2025-11-10T23:15:40.453Z] <<< [apiv2][body] GET https://serviceusage.googleapis.com/v1/projects/digital-library-33e04/services/cloudfunctions.googleapis.com [omitted]
[debug] [2025-11-10T23:15:40.454Z] <<< [apiv2][status] GET https://serviceusage.googleapis.com/v1/projects/digital-library-33e04/services/firebaseio.com 403
[debug] [2025-11-10T23:15:40.454Z] <<< [apiv2][body] GET https://serviceusage.googleapis.com/v1/projects/digital-library-33e04/services/firebaseio.com [omitted]
[debug] [2025-11-10T23:15:40.456Z] <<< [apiv2][status] GET https://serviceusage.googleapis.com/v1/projects/digital-library-33e04/services/firebaseapphosting.googleapis.com 200
[debug] [2025-11-10T23:15:40.456Z] <<< [apiv2][body] GET https://serviceusage.googleapis.com/v1/projects/digital-library-33e04/services/firebaseapphosting.googleapis.com [omitted]
[debug] [2025-11-10T23:15:40.456Z] <<< [apiv2][status] GET https://serviceusage.googleapis.com/v1/projects/digital-library-33e04/services/firestore.googleapis.com 200
[debug] [2025-11-10T23:15:40.456Z] <<< [apiv2][body] GET https://serviceusage.googleapis.com/v1/projects/digital-library-33e04/services/firestore.googleapis.com [omitted]
[debug] [2025-11-10T23:15:40.457Z] <<< [apiv2][status] GET https://serviceusage.googleapis.com/v1/projects/digital-library-33e04/services/firebasedataconnect.googleapis.com 200
[debug] [2025-11-10T23:15:40.457Z] <<< [apiv2][body] GET https://serviceusage.googleapis.com/v1/projects/digital-library-33e04/services/firebasedataconnect.googleapis.com [omitted]
[debug] [2025-11-10T23:15:40.485Z] <<< [apiv2][status] GET https://serviceusage.googleapis.com/v1/projects/digital-library-33e04/services/firebaseio.com 403
[debug] [2025-11-10T23:15:40.485Z] <<< [apiv2][body] GET https://serviceusage.googleapis.com/v1/projects/digital-library-33e04/services/firebaseio.com [omitted]
[debug] [2025-11-10T23:15:40.529Z] <<< [apiv2][status] GET https://serviceusage.googleapis.com/v1/projects/digital-library-33e04/services/firebasedataconnect.googleapis.com 200
[debug] [2025-11-10T23:15:40.530Z] <<< [apiv2][body] GET https://serviceusage.googleapis.com/v1/projects/digital-library-33e04/services/firebasedataconnect.googleapis.com [omitted]
[debug] [2025-11-10T23:15:40.541Z] <<< [apiv2][status] GET https://serviceusage.googleapis.com/v1/projects/digital-library-33e04/services/cloudfunctions.googleapis.com 200
[debug] [2025-11-10T23:15:40.542Z] <<< [apiv2][body] GET https://serviceusage.googleapis.com/v1/projects/digital-library-33e04/services/cloudfunctions.googleapis.com [omitted]
[error] Failed to fetch Firebase Project from Studio Workspace because WORKSPACE_SLUG environment variable is empty
[error] Failed to fetch Firebase Project from Studio Workspace because WORKSPACE_SLUG environment variable is empty
[error] Failed to fetch Firebase Project from Studio Workspace because WORKSPACE_SLUG environment variable is empty
[debug] [2025-11-10T23:15:40.545Z] > command requires scopes: ["email","openid","https://www.googleapis.com/auth/cloudplatformprojects.readonly","https://www.googleapis.com/auth/firebase","https://www.googleapis.com/auth/cloud-platform","https://www.googleapis.com/auth/userinfo.email"]
[debug] [2025-11-10T23:15:40.545Z] > authorizing via signed-in user (alberto.tsuna57@gmail.com)
[error] Failed to fetch Firebase Project from Studio Workspace because WORKSPACE_SLUG environment variable is empty
[debug] [2025-11-10T23:15:40.547Z] > command requires scopes: ["email","openid","https://www.googleapis.com/auth/cloudplatformprojects.readonly","https://www.googleapis.com/auth/firebase","https://www.googleapis.com/auth/cloud-platform","https://www.googleapis.com/auth/userinfo.email"]
[debug] [2025-11-10T23:15:40.547Z] > authorizing via signed-in user (alberto.tsuna57@gmail.com)
[error] Failed to fetch Firebase Project from Studio Workspace because WORKSPACE_SLUG environment variable is empty
[error] Failed to fetch Firebase Project from Studio Workspace because WORKSPACE_SLUG environment variable is empty
[error] Failed to fetch Firebase Project from Studio Workspace because WORKSPACE_SLUG environment variable is empty
[error] Failed to fetch Firebase Project from Studio Workspace because WORKSPACE_SLUG environment variable is empty
[debug] [2025-11-10T23:18:40.833Z] > command requires scopes: ["email","openid","https://www.googleapis.com/auth/cloudplatformprojects.readonly","https://www.googleapis.com/auth/firebase","https://www.googleapis.com/auth/cloud-platform","https://www.googleapis.com/auth/userinfo.email"]
[debug] [2025-11-10T23:18:40.834Z] > authorizing via signed-in user (alberto.tsuna57@gmail.com)
[debug] [2025-11-10T23:18:40.843Z] Checked if tokens are valid: true, expires at: 1762820139393
[debug] [2025-11-10T23:18:40.844Z] Checked if tokens are valid: true, expires at: 1762820139393
[debug] [2025-11-10T23:18:40.845Z] Checked if tokens are valid: true, expires at: 1762820139393
[debug] [2025-11-10T23:18:40.845Z] Checked if tokens are valid: true, expires at: 1762820139393
[debug] [2025-11-10T23:18:40.846Z] Checked if tokens are valid: true, expires at: 1762820139393
[debug] [2025-11-10T23:18:40.846Z] Checked if tokens are valid: true, expires at: 1762820139393
[debug] [2025-11-10T23:18:40.856Z] Checked if tokens are valid: true, expires at: 1762820139393
[debug] [2025-11-10T23:18:40.856Z] Checked if tokens are valid: true, expires at: 1762820139393
[debug] [2025-11-10T23:18:40.859Z] Checked if tokens are valid: true, expires at: 1762820139393
[debug] [2025-11-10T23:18:40.860Z] Checked if tokens are valid: true, expires at: 1762820139393
[debug] [2025-11-10T23:18:40.862Z] > command requires scopes: ["email","openid","https://www.googleapis.com/auth/cloudplatformprojects.readonly","https://www.googleapis.com/auth/firebase","https://www.googleapis.com/auth/cloud-platform","https://www.googleapis.com/auth/userinfo.email"]
[debug] [2025-11-10T23:18:40.862Z] > authorizing via signed-in user (alberto.tsuna57@gmail.com)
[debug] [2025-11-10T23:18:40.866Z] >>> [apiv2][query] GET https://serviceusage.googleapis.com/v1/projects/digital-library-33e04/services/firestore.googleapis.com [none]
[debug] [2025-11-10T23:18:40.866Z] >>> [apiv2][(partial)header] GET https://serviceusage.googleapis.com/v1/projects/digital-library-33e04/services/firestore.googleapis.com x-goog-quota-user=projects/digital-library-33e04
[debug] [2025-11-10T23:18:40.891Z] >>> [apiv2][query] GET https://serviceusage.googleapis.com/v1/projects/digital-library-33e04/services/firebasedataconnect.googleapis.com [none]
[debug] [2025-11-10T23:18:40.892Z] >>> [apiv2][(partial)header] GET https://serviceusage.googleapis.com/v1/projects/digital-library-33e04/services/firebasedataconnect.googleapis.com x-goog-quota-user=projects/digital-library-33e04
[debug] [2025-11-10T23:18:40.895Z] >>> [apiv2][query] GET https://serviceusage.googleapis.com/v1/projects/digital-library-33e04/services/cloudfunctions.googleapis.com [none]
[debug] [2025-11-10T23:18:40.896Z] >>> [apiv2][(partial)header] GET https://serviceusage.googleapis.com/v1/projects/digital-library-33e04/services/cloudfunctions.googleapis.com x-goog-quota-user=projects/digital-library-33e04
[debug] [2025-11-10T23:18:40.898Z] >>> [apiv2][query] GET https://serviceusage.googleapis.com/v1/projects/digital-library-33e04/services/firebaseapphosting.googleapis.com [none]
[debug] [2025-11-10T23:18:40.898Z] >>> [apiv2][(partial)header] GET https://serviceusage.googleapis.com/v1/projects/digital-library-33e04/services/firebaseapphosting.googleapis.com x-goog-quota-user=projects/digital-library-33e04
[debug] [2025-11-10T23:18:40.899Z] >>> [apiv2][query] GET https://serviceusage.googleapis.com/v1/projects/digital-library-33e04/services/firebaseio.com [none]
[debug] [2025-11-10T23:18:40.899Z] >>> [apiv2][(partial)header] GET https://serviceusage.googleapis.com/v1/projects/digital-library-33e04/services/firebaseio.com x-goog-quota-user=projects/digital-library-33e04
[debug] [2025-11-10T23:18:40.902Z] Checked if tokens are valid: true, expires at: 1762820139393
[debug] [2025-11-10T23:18:40.902Z] Checked if tokens are valid: true, expires at: 1762820139393
[debug] [2025-11-10T23:18:40.903Z] Checked if tokens are valid: true, expires at: 1762820139393
[debug] [2025-11-10T23:18:40.903Z] Checked if tokens are valid: true, expires at: 1762820139393
[debug] [2025-11-10T23:18:40.903Z] Checked if tokens are valid: true, expires at: 1762820139393
[debug] [2025-11-10T23:18:40.903Z] Checked if tokens are valid: true, expires at: 1762820139393
[debug] [2025-11-10T23:18:40.906Z] Checked if tokens are valid: true, expires at: 1762820139393
[debug] [2025-11-10T23:18:40.906Z] Checked if tokens are valid: true, expires at: 1762820139393
[debug] [2025-11-10T23:18:40.906Z] Checked if tokens are valid: true, expires at: 1762820139393
[debug] [2025-11-10T23:18:40.906Z] Checked if tokens are valid: true, expires at: 1762820139393
[debug] [2025-11-10T23:18:40.906Z] >>> [apiv2][query] GET https://serviceusage.googleapis.com/v1/projects/digital-library-33e04/services/firestore.googleapis.com [none]
[debug] [2025-11-10T23:18:40.906Z] >>> [apiv2][(partial)header] GET https://serviceusage.googleapis.com/v1/projects/digital-library-33e04/services/firestore.googleapis.com x-goog-quota-user=projects/digital-library-33e04
[debug] [2025-11-10T23:18:40.908Z] >>> [apiv2][query] GET https://serviceusage.googleapis.com/v1/projects/digital-library-33e04/services/firebasedataconnect.googleapis.com [none]
[debug] [2025-11-10T23:18:40.909Z] >>> [apiv2][(partial)header] GET https://serviceusage.googleapis.com/v1/projects/digital-library-33e04/services/firebasedataconnect.googleapis.com x-goog-quota-user=projects/digital-library-33e04
[debug] [2025-11-10T23:18:40.911Z] >>> [apiv2][query] GET https://serviceusage.googleapis.com/v1/projects/digital-library-33e04/services/cloudfunctions.googleapis.com [none]
[debug] [2025-11-10T23:18:40.911Z] >>> [apiv2][(partial)header] GET https://serviceusage.googleapis.com/v1/projects/digital-library-33e04/services/cloudfunctions.googleapis.com x-goog-quota-user=projects/digital-library-33e04
[debug] [2025-11-10T23:18:40.912Z] >>> [apiv2][query] GET https://serviceusage.googleapis.com/v1/projects/digital-library-33e04/services/firebaseapphosting.googleapis.com [none]
[debug] [2025-11-10T23:18:40.913Z] >>> [apiv2][(partial)header] GET https://serviceusage.googleapis.com/v1/projects/digital-library-33e04/services/firebaseapphosting.googleapis.com x-goog-quota-user=projects/digital-library-33e04
[debug] [2025-11-10T23:18:40.915Z] >>> [apiv2][query] GET https://serviceusage.googleapis.com/v1/projects/digital-library-33e04/services/firebaseio.com [none]
[debug] [2025-11-10T23:18:40.915Z] >>> [apiv2][(partial)header] GET https://serviceusage.googleapis.com/v1/projects/digital-library-33e04/services/firebaseio.com x-goog-quota-user=projects/digital-library-33e04
[debug] [2025-11-10T23:18:41.044Z] <<< [apiv2][status] GET https://serviceusage.googleapis.com/v1/projects/digital-library-33e04/services/firebaseio.com 403
[debug] [2025-11-10T23:18:41.044Z] <<< [apiv2][body] GET https://serviceusage.googleapis.com/v1/projects/digital-library-33e04/services/firebaseio.com [omitted]
[debug] [2025-11-10T23:18:41.067Z] <<< [apiv2][status] GET https://serviceusage.googleapis.com/v1/projects/digital-library-33e04/services/firebaseio.com 403
[debug] [2025-11-10T23:18:41.067Z] <<< [apiv2][body] GET https://serviceusage.googleapis.com/v1/projects/digital-library-33e04/services/firebaseio.com [omitted]
[debug] [2025-11-10T23:18:41.146Z] <<< [apiv2][status] GET https://serviceusage.googleapis.com/v1/projects/digital-library-33e04/services/firebaseapphosting.googleapis.com 200
[debug] [2025-11-10T23:18:41.146Z] <<< [apiv2][body] GET https://serviceusage.googleapis.com/v1/projects/digital-library-33e04/services/firebaseapphosting.googleapis.com [omitted]
[debug] [2025-11-10T23:18:41.148Z] <<< [apiv2][status] GET https://serviceusage.googleapis.com/v1/projects/digital-library-33e04/services/firestore.googleapis.com 200
[debug] [2025-11-10T23:18:41.149Z] <<< [apiv2][body] GET https://serviceusage.googleapis.com/v1/projects/digital-library-33e04/services/firestore.googleapis.com [omitted]
[debug] [2025-11-10T23:18:41.167Z] <<< [apiv2][status] GET https://serviceusage.googleapis.com/v1/projects/digital-library-33e04/services/cloudfunctions.googleapis.com 200
[debug] [2025-11-10T23:18:41.168Z] <<< [apiv2][body] GET https://serviceusage.googleapis.com/v1/projects/digital-library-33e04/services/cloudfunctions.googleapis.com [omitted]
[debug] [2025-11-10T23:18:41.187Z] <<< [apiv2][status] GET https://serviceusage.googleapis.com/v1/projects/digital-library-33e04/services/firebasedataconnect.googleapis.com 200
[debug] [2025-11-10T23:18:41.187Z] <<< [apiv2][body] GET https://serviceusage.googleapis.com/v1/projects/digital-library-33e04/services/firebasedataconnect.googleapis.com [omitted]
[debug] [2025-11-10T23:18:41.201Z] <<< [apiv2][status] GET https://serviceusage.googleapis.com/v1/projects/digital-library-33e04/services/firestore.googleapis.com 200
[debug] [2025-11-10T23:18:41.201Z] <<< [apiv2][body] GET https://serviceusage.googleapis.com/v1/projects/digital-library-33e04/services/firestore.googleapis.com [omitted]
[debug] [2025-11-10T23:18:41.203Z] <<< [apiv2][status] GET https://serviceusage.googleapis.com/v1/projects/digital-library-33e04/services/firebaseapphosting.googleapis.com 200
[debug] [2025-11-10T23:18:41.203Z] <<< [apiv2][body] GET https://serviceusage.googleapis.com/v1/projects/digital-library-33e04/services/firebaseapphosting.googleapis.com [omitted]
[debug] [2025-11-10T23:18:41.204Z] <<< [apiv2][status] GET https://serviceusage.googleapis.com/v1/projects/digital-library-33e04/services/firebasedataconnect.googleapis.com 200
[debug] [2025-11-10T23:18:41.205Z] <<< [apiv2][body] GET https://serviceusage.googleapis.com/v1/projects/digital-library-33e04/services/firebasedataconnect.googleapis.com [omitted]
[debug] [2025-11-10T23:18:41.207Z] <<< [apiv2][status] GET https://serviceusage.googleapis.com/v1/projects/digital-library-33e04/services/cloudfunctions.googleapis.com 200
[debug] [2025-11-10T23:18:41.207Z] <<< [apiv2][body] GET https://serviceusage.googleapis.com/v1/projects/digital-library-33e04/services/cloudfunctions.googleapis.com [omitted]
[error] Failed to fetch Firebase Project from Studio Workspace because WORKSPACE_SLUG environment variable is empty
[error] Failed to fetch Firebase Project from Studio Workspace because WORKSPACE_SLUG environment variable is empty
[error] Failed to fetch Firebase Project from Studio Workspace because WORKSPACE_SLUG environment variable is empty
[debug] [2025-11-10T23:18:41.220Z] > command requires scopes: ["email","openid","https://www.googleapis.com/auth/cloudplatformprojects.readonly","https://www.googleapis.com/auth/firebase","https://www.googleapis.com/auth/cloud-platform","https://www.googleapis.com/auth/userinfo.email"]
[debug] [2025-11-10T23:18:41.225Z] > authorizing via signed-in user (alberto.tsuna57@gmail.com)
[error] Failed to fetch Firebase Project from Studio Workspace because WORKSPACE_SLUG environment variable is empty
[debug] [2025-11-10T23:18:41.230Z] > command requires scopes: ["email","openid","https://www.googleapis.com/auth/cloudplatformprojects.readonly","https://www.googleapis.com/auth/firebase","https://www.googleapis.com/auth/cloud-platform","https://www.googleapis.com/auth/userinfo.email"]
[debug] [2025-11-10T23:18:41.231Z] > authorizing via signed-in user (alberto.tsuna57@gmail.com)
[error] Failed to fetch Firebase Project from Studio Workspace because WORKSPACE_SLUG environment variable is empty
[error] Failed to fetch Firebase Project from Studio Workspace because WORKSPACE_SLUG environment variable is empty
[error] Failed to fetch Firebase Project from Studio Workspace because WORKSPACE_SLUG environment variable is empty
[debug] [2025-11-10T23:18:41.276Z] > command requires scopes: ["email","openid","https://www.googleapis.com/auth/cloudplatformprojects.readonly","https://www.googleapis.com/auth/firebase","https://www.googleapis.com/auth/cloud-platform","https://www.googleapis.com/auth/userinfo.email"]
[debug] [2025-11-10T23:18:41.277Z] > authorizing via signed-in user (alberto.tsuna57@gmail.com)
[error] Failed to fetch Firebase Project from Studio Workspace because WORKSPACE_SLUG environment variable is empty
[debug] [2025-11-10T23:18:41.283Z] > command requires scopes: ["email","openid","https://www.googleapis.com/auth/cloudplatformprojects.readonly","https://www.googleapis.com/auth/firebase","https://www.googleapis.com/auth/cloud-platform","https://www.googleapis.com/auth/userinfo.email"]
[debug] [2025-11-10T23:18:41.283Z] > authorizing via signed-in user (alberto.tsuna57@gmail.com)
[error] Failed to fetch Firebase Project from Studio Workspace because WORKSPACE_SLUG environment variable is empty
[error] Failed to fetch Firebase Project from Studio Workspace because WORKSPACE_SLUG environment variable is empty
[error] Failed to fetch Firebase Project from Studio Workspace because WORKSPACE_SLUG environment variable is empty
[debug] [2025-11-10T23:18:41.292Z] > command requires scopes: ["email","openid","https://www.googleapis.com/auth/cloudplatformprojects.readonly","https://www.googleapis.com/auth/firebase","https://www.googleapis.com/auth/cloud-platform","https://www.googleapis.com/auth/userinfo.email"]
[debug] [2025-11-10T23:18:41.293Z] > authorizing via signed-in user (alberto.tsuna57@gmail.com)
[error] Failed to fetch Firebase Project from Studio Workspace because WORKSPACE_SLUG environment variable is empty
[debug] [2025-11-10T23:18:41.294Z] > command requires scopes: ["email","openid","https://www.googleapis.com/auth/cloudplatformprojects.readonly","https://www.googleapis.com/auth/firebase","https://www.googleapis.com/auth/cloud-platform","https://www.googleapis.com/auth/userinfo.email"]
[debug] [2025-11-10T23:18:41.294Z] > authorizing via signed-in user (alberto.tsuna57@gmail.com)
[error] Failed to fetch Firebase Project from Studio Workspace because WORKSPACE_SLUG environment variable is empty
[error] Failed to fetch Firebase Project from Studio Workspace because WORKSPACE_SLUG environment variable is empty
[error] Failed to fetch Firebase Project from Studio Workspace because WORKSPACE_SLUG environment variable is empty
[error] Failed to fetch Firebase Project from Studio Workspace because WORKSPACE_SLUG environment variable is empty
[debug] [2025-11-11T02:48:59.022Z] > command requires scopes: ["email","openid","https://www.googleapis.com/auth/cloudplatformprojects.readonly","https://www.googleapis.com/auth/firebase","https://www.googleapis.com/auth/cloud-platform","https://www.googleapis.com/auth/userinfo.email"]
[debug] [2025-11-11T02:48:59.029Z] > authorizing via signed-in user (alberto.tsuna57@gmail.com)
[debug] [2025-11-11T02:48:59.085Z] Checked if tokens are valid: false, expires at: 1762820139393
[debug] [2025-11-11T02:48:59.098Z] Checked if tokens are valid: false, expires at: 1762820139393
[debug] [2025-11-11T02:48:59.102Z] > refreshing access token with scopes: []
[debug] [2025-11-11T02:48:59.127Z] >>> [apiv2][query] POST https://www.googleapis.com/oauth2/v3/token [none]
[debug] [2025-11-11T02:48:59.127Z] >>> [apiv2][body] POST https://www.googleapis.com/oauth2/v3/token [omitted]
[debug] [2025-11-11T02:48:59.240Z] Checked if tokens are valid: false, expires at: 1762820139393
[debug] [2025-11-11T02:48:59.243Z] Checked if tokens are valid: false, expires at: 1762820139393
[debug] [2025-11-11T02:48:59.243Z] > refreshing access token with scopes: []
[debug] [2025-11-11T02:48:59.256Z] >>> [apiv2][query] POST https://www.googleapis.com/oauth2/v3/token [none]
[debug] [2025-11-11T02:48:59.256Z] >>> [apiv2][body] POST https://www.googleapis.com/oauth2/v3/token [omitted]
[debug] [2025-11-11T02:48:59.271Z] Checked if tokens are valid: false, expires at: 1762820139393
[debug] [2025-11-11T02:48:59.272Z] Checked if tokens are valid: false, expires at: 1762820139393
[debug] [2025-11-11T02:48:59.276Z] > refreshing access token with scopes: []
[debug] [2025-11-11T02:48:59.279Z] >>> [apiv2][query] POST https://www.googleapis.com/oauth2/v3/token [none]
[debug] [2025-11-11T02:48:59.279Z] >>> [apiv2][body] POST https://www.googleapis.com/oauth2/v3/token [omitted]
[debug] [2025-11-11T02:48:59.349Z] Checked if tokens are valid: false, expires at: 1762820139393
[debug] [2025-11-11T02:48:59.350Z] Checked if tokens are valid: false, expires at: 1762820139393
[debug] [2025-11-11T02:48:59.350Z] > refreshing access token with scopes: []
[debug] [2025-11-11T02:48:59.350Z] >>> [apiv2][query] POST https://www.googleapis.com/oauth2/v3/token [none]
[debug] [2025-11-11T02:48:59.350Z] >>> [apiv2][body] POST https://www.googleapis.com/oauth2/v3/token [omitted]
[debug] [2025-11-11T02:48:59.377Z] Checked if tokens are valid: false, expires at: 1762820139393
[debug] [2025-11-11T02:48:59.378Z] Checked if tokens are valid: false, expires at: 1762820139393
[debug] [2025-11-11T02:48:59.378Z] > refreshing access token with scopes: []
[debug] [2025-11-11T02:48:59.378Z] >>> [apiv2][query] POST https://www.googleapis.com/oauth2/v3/token [none]
[debug] [2025-11-11T02:48:59.378Z] >>> [apiv2][body] POST https://www.googleapis.com/oauth2/v3/token [omitted]
[debug] [2025-11-11T02:48:59.391Z] > command requires scopes: ["email","openid","https://www.googleapis.com/auth/cloudplatformprojects.readonly","https://www.googleapis.com/auth/firebase","https://www.googleapis.com/auth/cloud-platform","https://www.googleapis.com/auth/userinfo.email"]
[debug] [2025-11-11T02:48:59.398Z] > authorizing via signed-in user (alberto.tsuna57@gmail.com)
[debug] [2025-11-11T02:48:59.399Z] Checked if tokens are valid: false, expires at: 1762820139393
[debug] [2025-11-11T02:48:59.400Z] Checked if tokens are valid: false, expires at: 1762820139393
[debug] [2025-11-11T02:48:59.400Z] > refreshing access token with scopes: []
[debug] [2025-11-11T02:48:59.406Z] >>> [apiv2][query] POST https://www.googleapis.com/oauth2/v3/token [none]
[debug] [2025-11-11T02:48:59.407Z] >>> [apiv2][body] POST https://www.googleapis.com/oauth2/v3/token [omitted]
[debug] [2025-11-11T02:48:59.415Z] Checked if tokens are valid: false, expires at: 1762820139393
[debug] [2025-11-11T02:48:59.415Z] Checked if tokens are valid: false, expires at: 1762820139393
[debug] [2025-11-11T02:48:59.415Z] > refreshing access token with scopes: []
[debug] [2025-11-11T02:48:59.418Z] >>> [apiv2][query] POST https://www.googleapis.com/oauth2/v3/token [none]
[debug] [2025-11-11T02:48:59.418Z] >>> [apiv2][body] POST https://www.googleapis.com/oauth2/v3/token [omitted]
[debug] [2025-11-11T02:48:59.424Z] Checked if tokens are valid: false, expires at: 1762820139393
[debug] [2025-11-11T02:48:59.424Z] Checked if tokens are valid: false, expires at: 1762820139393
[debug] [2025-11-11T02:48:59.424Z] > refreshing access token with scopes: []
[debug] [2025-11-11T02:48:59.425Z] >>> [apiv2][query] POST https://www.googleapis.com/oauth2/v3/token [none]
[debug] [2025-11-11T02:48:59.425Z] >>> [apiv2][body] POST https://www.googleapis.com/oauth2/v3/token [omitted]
[debug] [2025-11-11T02:48:59.437Z] Checked if tokens are valid: false, expires at: 1762820139393
[debug] [2025-11-11T02:48:59.437Z] Checked if tokens are valid: false, expires at: 1762820139393
[debug] [2025-11-11T02:48:59.437Z] > refreshing access token with scopes: []
[debug] [2025-11-11T02:48:59.441Z] >>> [apiv2][query] POST https://www.googleapis.com/oauth2/v3/token [none]
[debug] [2025-11-11T02:48:59.442Z] >>> [apiv2][body] POST https://www.googleapis.com/oauth2/v3/token [omitted]
[debug] [2025-11-11T02:48:59.457Z] Checked if tokens are valid: false, expires at: 1762820139393
[debug] [2025-11-11T02:48:59.458Z] Checked if tokens are valid: false, expires at: 1762820139393
[debug] [2025-11-11T02:48:59.458Z] > refreshing access token with scopes: []
[debug] [2025-11-11T02:48:59.459Z] >>> [apiv2][query] POST https://www.googleapis.com/oauth2/v3/token [none]
[debug] [2025-11-11T02:48:59.459Z] >>> [apiv2][body] POST https://www.googleapis.com/oauth2/v3/token [omitted]
[debug] [2025-11-11T02:48:59.647Z] <<< [apiv2][status] POST https://www.googleapis.com/oauth2/v3/token 200
[debug] [2025-11-11T02:48:59.648Z] <<< [apiv2][body] POST https://www.googleapis.com/oauth2/v3/token [omitted]
[debug] [2025-11-11T02:48:59.668Z] >>> [apiv2][query] GET https://serviceusage.googleapis.com/v1/projects/digital-library-33e04/services/firestore.googleapis.com [none]
[debug] [2025-11-11T02:48:59.668Z] >>> [apiv2][(partial)header] GET https://serviceusage.googleapis.com/v1/projects/digital-library-33e04/services/firestore.googleapis.com x-goog-quota-user=projects/digital-library-33e04
[debug] [2025-11-11T02:48:59.672Z] <<< [apiv2][status] POST https://www.googleapis.com/oauth2/v3/token 200
[debug] [2025-11-11T02:48:59.672Z] <<< [apiv2][body] POST https://www.googleapis.com/oauth2/v3/token [omitted]
[debug] [2025-11-11T02:48:59.685Z] >>> [apiv2][query] GET https://serviceusage.googleapis.com/v1/projects/digital-library-33e04/services/firebaseapphosting.googleapis.com [none]
[debug] [2025-11-11T02:48:59.685Z] >>> [apiv2][(partial)header] GET https://serviceusage.googleapis.com/v1/projects/digital-library-33e04/services/firebaseapphosting.googleapis.com x-goog-quota-user=projects/digital-library-33e04
[debug] [2025-11-11T02:48:59.690Z] <<< [apiv2][status] POST https://www.googleapis.com/oauth2/v3/token 200
[debug] [2025-11-11T02:48:59.692Z] <<< [apiv2][body] POST https://www.googleapis.com/oauth2/v3/token [omitted]
[debug] [2025-11-11T02:48:59.708Z] >>> [apiv2][query] GET https://serviceusage.googleapis.com/v1/projects/digital-library-33e04/services/cloudfunctions.googleapis.com [none]
[debug] [2025-11-11T02:48:59.708Z] >>> [apiv2][(partial)header] GET https://serviceusage.googleapis.com/v1/projects/digital-library-33e04/services/cloudfunctions.googleapis.com x-goog-quota-user=projects/digital-library-33e04
[debug] [2025-11-11T02:48:59.739Z] <<< [apiv2][status] POST https://www.googleapis.com/oauth2/v3/token 200
[debug] [2025-11-11T02:48:59.739Z] <<< [apiv2][body] POST https://www.googleapis.com/oauth2/v3/token [omitted]
[debug] [2025-11-11T02:48:59.756Z] >>> [apiv2][query] GET https://serviceusage.googleapis.com/v1/projects/digital-library-33e04/services/firebasedataconnect.googleapis.com [none]
[debug] [2025-11-11T02:48:59.757Z] >>> [apiv2][(partial)header] GET https://serviceusage.googleapis.com/v1/projects/digital-library-33e04/services/firebasedataconnect.googleapis.com x-goog-quota-user=projects/digital-library-33e04
[debug] [2025-11-11T02:48:59.760Z] <<< [apiv2][status] POST https://www.googleapis.com/oauth2/v3/token 200
[debug] [2025-11-11T02:48:59.760Z] <<< [apiv2][body] POST https://www.googleapis.com/oauth2/v3/token [omitted]
[debug] [2025-11-11T02:48:59.776Z] >>> [apiv2][query] GET https://serviceusage.googleapis.com/v1/projects/digital-library-33e04/services/firebaseio.com [none]
[debug] [2025-11-11T02:48:59.777Z] >>> [apiv2][(partial)header] GET https://serviceusage.googleapis.com/v1/projects/digital-library-33e04/services/firebaseio.com x-goog-quota-user=projects/digital-library-33e04
[debug] [2025-11-11T02:48:59.842Z] <<< [apiv2][status] POST https://www.googleapis.com/oauth2/v3/token 200
[debug] [2025-11-11T02:48:59.843Z] <<< [apiv2][body] POST https://www.googleapis.com/oauth2/v3/token [omitted]
[debug] [2025-11-11T02:48:59.862Z] >>> [apiv2][query] GET https://serviceusage.googleapis.com/v1/projects/digital-library-33e04/services/firebaseio.com [none]
[debug] [2025-11-11T02:48:59.862Z] >>> [apiv2][(partial)header] GET https://serviceusage.googleapis.com/v1/projects/digital-library-33e04/services/firebaseio.com x-goog-quota-user=projects/digital-library-33e04
[debug] [2025-11-11T02:48:59.871Z] <<< [apiv2][status] POST https://www.googleapis.com/oauth2/v3/token 200
[debug] [2025-11-11T02:48:59.871Z] <<< [apiv2][body] POST https://www.googleapis.com/oauth2/v3/token [omitted]
[debug] [2025-11-11T02:48:59.885Z] >>> [apiv2][query] GET https://serviceusage.googleapis.com/v1/projects/digital-library-33e04/services/firestore.googleapis.com [none]
[debug] [2025-11-11T02:48:59.885Z] >>> [apiv2][(partial)header] GET https://serviceusage.googleapis.com/v1/projects/digital-library-33e04/services/firestore.googleapis.com x-goog-quota-user=projects/digital-library-33e04
[debug] [2025-11-11T02:48:59.911Z] <<< [apiv2][status] POST https://www.googleapis.com/oauth2/v3/token 200
[debug] [2025-11-11T02:48:59.913Z] <<< [apiv2][body] POST https://www.googleapis.com/oauth2/v3/token [omitted]
[debug] [2025-11-11T02:48:59.930Z] >>> [apiv2][query] GET https://serviceusage.googleapis.com/v1/projects/digital-library-33e04/services/firebasedataconnect.googleapis.com [none]
[debug] [2025-11-11T02:48:59.931Z] >>> [apiv2][(partial)header] GET https://serviceusage.googleapis.com/v1/projects/digital-library-33e04/services/firebasedataconnect.googleapis.com x-goog-quota-user=projects/digital-library-33e04
[debug] [2025-11-11T02:48:59.937Z] <<< [apiv2][status] POST https://www.googleapis.com/oauth2/v3/token 200
[debug] [2025-11-11T02:48:59.937Z] <<< [apiv2][body] POST https://www.googleapis.com/oauth2/v3/token [omitted]
[debug] [2025-11-11T02:48:59.950Z] >>> [apiv2][query] GET https://serviceusage.googleapis.com/v1/projects/digital-library-33e04/services/cloudfunctions.googleapis.com [none]
[debug] [2025-11-11T02:48:59.950Z] >>> [apiv2][(partial)header] GET https://serviceusage.googleapis.com/v1/projects/digital-library-33e04/services/cloudfunctions.googleapis.com x-goog-quota-user=projects/digital-library-33e04
[debug] [2025-11-11T02:48:59.970Z] <<< [apiv2][status] GET https://serviceusage.googleapis.com/v1/projects/digital-library-33e04/services/firebaseapphosting.googleapis.com 200
[debug] [2025-11-11T02:48:59.970Z] <<< [apiv2][body] GET https://serviceusage.googleapis.com/v1/projects/digital-library-33e04/services/firebaseapphosting.googleapis.com [omitted]
[debug] [2025-11-11T02:48:59.971Z] <<< [apiv2][status] POST https://www.googleapis.com/oauth2/v3/token 200
[debug] [2025-11-11T02:48:59.971Z] <<< [apiv2][body] POST https://www.googleapis.com/oauth2/v3/token [omitted]
[debug] [2025-11-11T02:48:59.987Z] >>> [apiv2][query] GET https://serviceusage.googleapis.com/v1/projects/digital-library-33e04/services/firebaseapphosting.googleapis.com [none]
[debug] [2025-11-11T02:48:59.987Z] >>> [apiv2][(partial)header] GET https://serviceusage.googleapis.com/v1/projects/digital-library-33e04/services/firebaseapphosting.googleapis.com x-goog-quota-user=projects/digital-library-33e04
[debug] [2025-11-11T02:49:00.028Z] <<< [apiv2][status] GET https://serviceusage.googleapis.com/v1/projects/digital-library-33e04/services/firebaseio.com 403
[debug] [2025-11-11T02:49:00.028Z] <<< [apiv2][body] GET https://serviceusage.googleapis.com/v1/projects/digital-library-33e04/services/firebaseio.com [omitted]
[debug] [2025-11-11T02:49:00.036Z] <<< [apiv2][status] GET https://serviceusage.googleapis.com/v1/projects/digital-library-33e04/services/firestore.googleapis.com 200
[debug] [2025-11-11T02:49:00.038Z] <<< [apiv2][body] GET https://serviceusage.googleapis.com/v1/projects/digital-library-33e04/services/firestore.googleapis.com [omitted]
[debug] [2025-11-11T02:49:00.043Z] <<< [apiv2][status] GET https://serviceusage.googleapis.com/v1/projects/digital-library-33e04/services/firebasedataconnect.googleapis.com 200
[debug] [2025-11-11T02:49:00.043Z] <<< [apiv2][body] GET https://serviceusage.googleapis.com/v1/projects/digital-library-33e04/services/firebasedataconnect.googleapis.com [omitted]
[debug] [2025-11-11T02:49:00.043Z] <<< [apiv2][status] GET https://serviceusage.googleapis.com/v1/projects/digital-library-33e04/services/firebaseio.com 403
[debug] [2025-11-11T02:49:00.043Z] <<< [apiv2][body] GET https://serviceusage.googleapis.com/v1/projects/digital-library-33e04/services/firebaseio.com [omitted]
[debug] [2025-11-11T02:49:00.047Z] <<< [apiv2][status] GET https://serviceusage.googleapis.com/v1/projects/digital-library-33e04/services/cloudfunctions.googleapis.com 200
[debug] [2025-11-11T02:49:00.047Z] <<< [apiv2][body] GET https://serviceusage.googleapis.com/v1/projects/digital-library-33e04/services/cloudfunctions.googleapis.com [omitted]
[debug] [2025-11-11T02:49:00.050Z] <<< [apiv2][status] GET https://serviceusage.googleapis.com/v1/projects/digital-library-33e04/services/firebasedataconnect.googleapis.com 200
[debug] [2025-11-11T02:49:00.051Z] <<< [apiv2][body] GET https://serviceusage.googleapis.com/v1/projects/digital-library-33e04/services/firebasedataconnect.googleapis.com [omitted]
[debug] [2025-11-11T02:49:00.067Z] <<< [apiv2][status] GET https://serviceusage.googleapis.com/v1/projects/digital-library-33e04/services/cloudfunctions.googleapis.com 200
[debug] [2025-11-11T02:49:00.067Z] <<< [apiv2][body] GET https://serviceusage.googleapis.com/v1/projects/digital-library-33e04/services/cloudfunctions.googleapis.com [omitted]
[debug] [2025-11-11T02:49:00.090Z] <<< [apiv2][status] GET https://serviceusage.googleapis.com/v1/projects/digital-library-33e04/services/firestore.googleapis.com 200
[debug] [2025-11-11T02:49:00.090Z] <<< [apiv2][body] GET https://serviceusage.googleapis.com/v1/projects/digital-library-33e04/services/firestore.googleapis.com [omitted]
[debug] [2025-11-11T02:49:00.107Z] <<< [apiv2][status] GET https://serviceusage.googleapis.com/v1/projects/digital-library-33e04/services/firebaseapphosting.googleapis.com 200
[debug] [2025-11-11T02:49:00.108Z] <<< [apiv2][body] GET https://serviceusage.googleapis.com/v1/projects/digital-library-33e04/services/firebaseapphosting.googleapis.com [omitted]
[error] Failed to fetch Firebase Project from Studio Workspace because WORKSPACE_SLUG environment variable is empty
[error] Failed to fetch Firebase Project from Studio Workspace because WORKSPACE_SLUG environment variable is empty
[error] Failed to fetch Firebase Project from Studio Workspace because WORKSPACE_SLUG environment variable is empty
[debug] [2025-11-11T02:49:00.117Z] > command requires scopes: ["email","openid","https://www.googleapis.com/auth/cloudplatformprojects.readonly","https://www.googleapis.com/auth/firebase","https://www.googleapis.com/auth/cloud-platform","https://www.googleapis.com/auth/userinfo.email"]
[debug] [2025-11-11T02:49:00.117Z] > authorizing via signed-in user (alberto.tsuna57@gmail.com)
[error] Failed to fetch Firebase Project from Studio Workspace because WORKSPACE_SLUG environment variable is empty
[debug] [2025-11-11T02:49:00.120Z] > command requires scopes: ["email","openid","https://www.googleapis.com/auth/cloudplatformprojects.readonly","https://www.googleapis.com/auth/firebase","https://www.googleapis.com/auth/cloud-platform","https://www.googleapis.com/auth/userinfo.email"]
[debug] [2025-11-11T02:49:00.120Z] > authorizing via signed-in user (alberto.tsuna57@gmail.com)
[error] Failed to fetch Firebase Project from Studio Workspace because WORKSPACE_SLUG environment variable is empty
[error] Failed to fetch Firebase Project from Studio Workspace because WORKSPACE_SLUG environment variable is empty
[error] Failed to fetch Firebase Project from Studio Workspace because WORKSPACE_SLUG environment variable is empty
[debug] [2025-11-11T02:49:00.152Z] > command requires scopes: ["email","openid","https://www.googleapis.com/auth/cloudplatformprojects.readonly","https://www.googleapis.com/auth/firebase","https://www.googleapis.com/auth/cloud-platform","https://www.googleapis.com/auth/userinfo.email"]
[debug] [2025-11-11T02:49:00.152Z] > authorizing via signed-in user (alberto.tsuna57@gmail.com)
[error] Failed to fetch Firebase Project from Studio Workspace because WORKSPACE_SLUG environment variable is empty
[debug] [2025-11-11T02:49:00.153Z] > command requires scopes: ["email","openid","https://www.googleapis.com/auth/cloudplatformprojects.readonly","https://www.googleapis.com/auth/firebase","https://www.googleapis.com/auth/cloud-platform","https://www.googleapis.com/auth/userinfo.email"]
[debug] [2025-11-11T02:49:00.158Z] > authorizing via signed-in user (alberto.tsuna57@gmail.com)
[error] Failed to fetch Firebase Project from Studio Workspace because WORKSPACE_SLUG environment variable is empty
[error] Failed to fetch Firebase Project from Studio Workspace because WORKSPACE_SLUG environment variable is empty
[error] Failed to fetch Firebase Project from Studio Workspace because WORKSPACE_SLUG environment variable is empty
[debug] [2025-11-11T02:49:00.165Z] > command requires scopes: ["email","openid","https://www.googleapis.com/auth/cloudplatformprojects.readonly","https://www.googleapis.com/auth/firebase","https://www.googleapis.com/auth/cloud-platform","https://www.googleapis.com/auth/userinfo.email"]
[debug] [2025-11-11T02:49:00.165Z] > authorizing via signed-in user (alberto.tsuna57@gmail.com)
[error] Failed to fetch Firebase Project from Studio Workspace because WORKSPACE_SLUG environment variable is empty
[debug] [2025-11-11T02:49:00.167Z] > command requires scopes: ["email","openid","https://www.googleapis.com/auth/cloudplatformprojects.readonly","https://www.googleapis.com/auth/firebase","https://www.googleapis.com/auth/cloud-platform","https://www.googleapis.com/auth/userinfo.email"]
[debug] [2025-11-11T02:49:00.167Z] > authorizing via signed-in user (alberto.tsuna57@gmail.com)
[error] Failed to fetch Firebase Project from Studio Workspace because WORKSPACE_SLUG environment variable is empty
[error] Failed to fetch Firebase Project from Studio Workspace because WORKSPACE_SLUG environment variable is empty
[error] Failed to fetch Firebase Project from Studio Workspace because WORKSPACE_SLUG environment variable is empty
[error] Failed to fetch Firebase Project from Studio Workspace because WORKSPACE_SLUG environment variable is empty
[debug] [2025-11-11T23:51:07.331Z] > command requires scopes: ["email","openid","https://www.googleapis.com/auth/cloudplatformprojects.readonly","https://www.googleapis.com/auth/firebase","https://www.googleapis.com/auth/cloud-platform","https://www.googleapis.com/auth/userinfo.email"]
[debug] [2025-11-11T23:51:07.335Z] > authorizing via signed-in user (alberto.tsuna57@gmail.com)
[debug] [2025-11-11T23:51:07.377Z] Checked if tokens are valid: false, expires at: 1762832938971
[debug] [2025-11-11T23:51:07.378Z] Checked if tokens are valid: false, expires at: 1762832938971
[debug] [2025-11-11T23:51:07.389Z] > refreshing access token with scopes: []
[debug] [2025-11-11T23:51:07.429Z] >>> [apiv2][query] POST https://www.googleapis.com/oauth2/v3/token [none]
[debug] [2025-11-11T23:51:07.439Z] >>> [apiv2][body] POST https://www.googleapis.com/oauth2/v3/token [omitted]
[debug] [2025-11-11T23:51:07.728Z] Checked if tokens are valid: false, expires at: 1762832938971
[debug] [2025-11-11T23:51:07.729Z] Checked if tokens are valid: false, expires at: 1762832938971
[debug] [2025-11-11T23:51:07.733Z] > refreshing access token with scopes: []
[debug] [2025-11-11T23:51:07.740Z] >>> [apiv2][query] POST https://www.googleapis.com/oauth2/v3/token [none]
[debug] [2025-11-11T23:51:07.740Z] >>> [apiv2][body] POST https://www.googleapis.com/oauth2/v3/token [omitted]
[debug] [2025-11-11T23:51:07.788Z] Checked if tokens are valid: false, expires at: 1762832938971
[debug] [2025-11-11T23:51:07.799Z] Checked if tokens are valid: false, expires at: 1762832938971
[debug] [2025-11-11T23:51:07.799Z] > refreshing access token with scopes: []
[debug] [2025-11-11T23:51:07.812Z] >>> [apiv2][query] POST https://www.googleapis.com/oauth2/v3/token [none]
[debug] [2025-11-11T23:51:07.817Z] >>> [apiv2][body] POST https://www.googleapis.com/oauth2/v3/token [omitted]
[debug] [2025-11-11T23:51:08.023Z] Checked if tokens are valid: false, expires at: 1762832938971
[debug] [2025-11-11T23:51:08.023Z] Checked if tokens are valid: false, expires at: 1762832938971
[debug] [2025-11-11T23:51:08.023Z] > refreshing access token with scopes: []
[debug] [2025-11-11T23:51:08.032Z] >>> [apiv2][query] POST https://www.googleapis.com/oauth2/v3/token [none]
[debug] [2025-11-11T23:51:08.032Z] >>> [apiv2][body] POST https://www.googleapis.com/oauth2/v3/token [omitted]
[debug] [2025-11-11T23:51:08.047Z] Checked if tokens are valid: false, expires at: 1762832938971
[debug] [2025-11-11T23:51:08.047Z] Checked if tokens are valid: false, expires at: 1762832938971
[debug] [2025-11-11T23:51:08.047Z] > refreshing access token with scopes: []
[debug] [2025-11-11T23:51:08.048Z] >>> [apiv2][query] POST https://www.googleapis.com/oauth2/v3/token [none]
[debug] [2025-11-11T23:51:08.048Z] >>> [apiv2][body] POST https://www.googleapis.com/oauth2/v3/token [omitted]
[debug] [2025-11-11T23:51:08.063Z] > command requires scopes: ["email","openid","https://www.googleapis.com/auth/cloudplatformprojects.readonly","https://www.googleapis.com/auth/firebase","https://www.googleapis.com/auth/cloud-platform","https://www.googleapis.com/auth/userinfo.email"]
[debug] [2025-11-11T23:51:08.064Z] > authorizing via signed-in user (alberto.tsuna57@gmail.com)
[debug] [2025-11-11T23:51:08.077Z] Checked if tokens are valid: false, expires at: 1762832938971
[debug] [2025-11-11T23:51:08.078Z] Checked if tokens are valid: false, expires at: 1762832938971
[debug] [2025-11-11T23:51:08.078Z] > refreshing access token with scopes: []
[debug] [2025-11-11T23:51:08.092Z] >>> [apiv2][query] POST https://www.googleapis.com/oauth2/v3/token [none]
[debug] [2025-11-11T23:51:08.092Z] >>> [apiv2][body] POST https://www.googleapis.com/oauth2/v3/token [omitted]
[debug] [2025-11-11T23:51:08.115Z] Checked if tokens are valid: false, expires at: 1762832938971
[debug] [2025-11-11T23:51:08.115Z] Checked if tokens are valid: false, expires at: 1762832938971
[debug] [2025-11-11T23:51:08.115Z] > refreshing access token with scopes: []
[debug] [2025-11-11T23:51:08.122Z] >>> [apiv2][query] POST https://www.googleapis.com/oauth2/v3/token [none]
[debug] [2025-11-11T23:51:08.122Z] >>> [apiv2][body] POST https://www.googleapis.com/oauth2/v3/token [omitted]
[debug] [2025-11-11T23:51:08.136Z] Checked if tokens are valid: false, expires at: 1762832938971
[debug] [2025-11-11T23:51:08.136Z] Checked if tokens are valid: false, expires at: 1762832938971
[debug] [2025-11-11T23:51:08.136Z] > refreshing access token with scopes: []
[debug] [2025-11-11T23:51:08.137Z] >>> [apiv2][query] POST https://www.googleapis.com/oauth2/v3/token [none]
[debug] [2025-11-11T23:51:08.137Z] >>> [apiv2][body] POST https://www.googleapis.com/oauth2/v3/token [omitted]
[debug] [2025-11-11T23:51:08.178Z] Checked if tokens are valid: false, expires at: 1762832938971
[debug] [2025-11-11T23:51:08.178Z] Checked if tokens are valid: false, expires at: 1762832938971
[debug] [2025-11-11T23:51:08.178Z] > refreshing access token with scopes: []
[debug] [2025-11-11T23:51:08.187Z] >>> [apiv2][query] POST https://www.googleapis.com/oauth2/v3/token [none]
[debug] [2025-11-11T23:51:08.187Z] >>> [apiv2][body] POST https://www.googleapis.com/oauth2/v3/token [omitted]
[debug] [2025-11-11T23:51:08.211Z] Checked if tokens are valid: false, expires at: 1762832938971
[debug] [2025-11-11T23:51:08.211Z] Checked if tokens are valid: false, expires at: 1762832938971
[debug] [2025-11-11T23:51:08.215Z] > refreshing access token with scopes: []
[debug] [2025-11-11T23:51:08.216Z] >>> [apiv2][query] POST https://www.googleapis.com/oauth2/v3/token [none]
[debug] [2025-11-11T23:51:08.216Z] >>> [apiv2][body] POST https://www.googleapis.com/oauth2/v3/token [omitted]
[debug] [2025-11-11T23:51:09.137Z] <<< [apiv2][status] POST https://www.googleapis.com/oauth2/v3/token 200
[debug] [2025-11-11T23:51:09.137Z] <<< [apiv2][body] POST https://www.googleapis.com/oauth2/v3/token [omitted]
[debug] [2025-11-11T23:51:09.213Z] >>> [apiv2][query] GET https://serviceusage.googleapis.com/v1/projects/digital-library-33e04/services/firebasedataconnect.googleapis.com [none]
[debug] [2025-11-11T23:51:09.214Z] >>> [apiv2][(partial)header] GET https://serviceusage.googleapis.com/v1/projects/digital-library-33e04/services/firebasedataconnect.googleapis.com x-goog-quota-user=projects/digital-library-33e04
[debug] [2025-11-11T23:51:09.228Z] <<< [apiv2][status] POST https://www.googleapis.com/oauth2/v3/token 200
[debug] [2025-11-11T23:51:09.228Z] <<< [apiv2][body] POST https://www.googleapis.com/oauth2/v3/token [omitted]
[debug] [2025-11-11T23:51:09.246Z] >>> [apiv2][query] GET https://serviceusage.googleapis.com/v1/projects/digital-library-33e04/services/firebaseio.com [none]
[debug] [2025-11-11T23:51:09.247Z] >>> [apiv2][(partial)header] GET https://serviceusage.googleapis.com/v1/projects/digital-library-33e04/services/firebaseio.com x-goog-quota-user=projects/digital-library-33e04
[debug] [2025-11-11T23:51:09.286Z] <<< [apiv2][status] POST https://www.googleapis.com/oauth2/v3/token 200
[debug] [2025-11-11T23:51:09.287Z] <<< [apiv2][body] POST https://www.googleapis.com/oauth2/v3/token [omitted]
[debug] [2025-11-11T23:51:09.317Z] >>> [apiv2][query] GET https://serviceusage.googleapis.com/v1/projects/digital-library-33e04/services/firebasedataconnect.googleapis.com [none]
[debug] [2025-11-11T23:51:09.318Z] >>> [apiv2][(partial)header] GET https://serviceusage.googleapis.com/v1/projects/digital-library-33e04/services/firebasedataconnect.googleapis.com x-goog-quota-user=projects/digital-library-33e04
[debug] [2025-11-11T23:51:09.343Z] <<< [apiv2][status] POST https://www.googleapis.com/oauth2/v3/token 200
[debug] [2025-11-11T23:51:09.344Z] <<< [apiv2][body] POST https://www.googleapis.com/oauth2/v3/token [omitted]
[debug] [2025-11-11T23:51:09.383Z] >>> [apiv2][query] GET https://serviceusage.googleapis.com/v1/projects/digital-library-33e04/services/cloudfunctions.googleapis.com [none]
[debug] [2025-11-11T23:51:09.383Z] >>> [apiv2][(partial)header] GET https://serviceusage.googleapis.com/v1/projects/digital-library-33e04/services/cloudfunctions.googleapis.com x-goog-quota-user=projects/digital-library-33e04
[debug] [2025-11-11T23:51:09.452Z] <<< [apiv2][status] POST https://www.googleapis.com/oauth2/v3/token 200
[debug] [2025-11-11T23:51:09.452Z] <<< [apiv2][body] POST https://www.googleapis.com/oauth2/v3/token [omitted]
[debug] [2025-11-11T23:51:09.517Z] >>> [apiv2][query] GET https://serviceusage.googleapis.com/v1/projects/digital-library-33e04/services/firestore.googleapis.com [none]
[debug] [2025-11-11T23:51:09.517Z] >>> [apiv2][(partial)header] GET https://serviceusage.googleapis.com/v1/projects/digital-library-33e04/services/firestore.googleapis.com x-goog-quota-user=projects/digital-library-33e04
[debug] [2025-11-11T23:51:09.665Z] <<< [apiv2][status] POST https://www.googleapis.com/oauth2/v3/token 200
[debug] [2025-11-11T23:51:09.666Z] <<< [apiv2][body] POST https://www.googleapis.com/oauth2/v3/token [omitted]
[debug] [2025-11-11T23:51:09.695Z] >>> [apiv2][query] GET https://serviceusage.googleapis.com/v1/projects/digital-library-33e04/services/firestore.googleapis.com [none]
[debug] [2025-11-11T23:51:09.701Z] >>> [apiv2][(partial)header] GET https://serviceusage.googleapis.com/v1/projects/digital-library-33e04/services/firestore.googleapis.com x-goog-quota-user=projects/digital-library-33e04
[debug] [2025-11-11T23:51:09.856Z] <<< [apiv2][status] POST https://www.googleapis.com/oauth2/v3/token 200
[debug] [2025-11-11T23:51:09.856Z] <<< [apiv2][body] POST https://www.googleapis.com/oauth2/v3/token [omitted]
[debug] [2025-11-11T23:51:09.899Z] >>> [apiv2][query] GET https://serviceusage.googleapis.com/v1/projects/digital-library-33e04/services/cloudfunctions.googleapis.com [none]
[debug] [2025-11-11T23:51:09.900Z] >>> [apiv2][(partial)header] GET https://serviceusage.googleapis.com/v1/projects/digital-library-33e04/services/cloudfunctions.googleapis.com x-goog-quota-user=projects/digital-library-33e04
[debug] [2025-11-11T23:51:10.890Z] <<< [apiv2][status] GET https://serviceusage.googleapis.com/v1/projects/digital-library-33e04/services/firebaseio.com 403
[debug] [2025-11-11T23:51:10.892Z] <<< [apiv2][body] GET https://serviceusage.googleapis.com/v1/projects/digital-library-33e04/services/firebaseio.com [omitted]
[debug] [2025-11-11T23:51:10.944Z] <<< [apiv2][status] POST https://www.googleapis.com/oauth2/v3/token 200
[debug] [2025-11-11T23:51:10.944Z] <<< [apiv2][body] POST https://www.googleapis.com/oauth2/v3/token [omitted]
[debug] [2025-11-11T23:51:10.994Z] >>> [apiv2][query] GET https://serviceusage.googleapis.com/v1/projects/digital-library-33e04/services/firebaseapphosting.googleapis.com [none]
[debug] [2025-11-11T23:51:10.996Z] >>> [apiv2][(partial)header] GET https://serviceusage.googleapis.com/v1/projects/digital-library-33e04/services/firebaseapphosting.googleapis.com x-goog-quota-user=projects/digital-library-33e04
[debug] [2025-11-11T23:51:11.159Z] <<< [apiv2][status] POST https://www.googleapis.com/oauth2/v3/token 200
[debug] [2025-11-11T23:51:11.173Z] <<< [apiv2][body] POST https://www.googleapis.com/oauth2/v3/token [omitted]
[debug] [2025-11-11T23:51:11.220Z] >>> [apiv2][query] GET https://serviceusage.googleapis.com/v1/projects/digital-library-33e04/services/firebaseapphosting.googleapis.com [none]
[debug] [2025-11-11T23:51:11.220Z] >>> [apiv2][(partial)header] GET https://serviceusage.googleapis.com/v1/projects/digital-library-33e04/services/firebaseapphosting.googleapis.com x-goog-quota-user=projects/digital-library-33e04
[debug] [2025-11-11T23:51:11.328Z] <<< [apiv2][status] POST https://www.googleapis.com/oauth2/v3/token 200
[debug] [2025-11-11T23:51:11.329Z] <<< [apiv2][body] POST https://www.googleapis.com/oauth2/v3/token [omitted]
[debug] [2025-11-11T23:51:11.376Z] >>> [apiv2][query] GET https://serviceusage.googleapis.com/v1/projects/digital-library-33e04/services/firebaseio.com [none]
[debug] [2025-11-11T23:51:11.376Z] >>> [apiv2][(partial)header] GET https://serviceusage.googleapis.com/v1/projects/digital-library-33e04/services/firebaseio.com x-goog-quota-user=projects/digital-library-33e04
[debug] [2025-11-11T23:51:11.576Z] <<< [apiv2][status] GET https://serviceusage.googleapis.com/v1/projects/digital-library-33e04/services/cloudfunctions.googleapis.com 200
[debug] [2025-11-11T23:51:11.576Z] <<< [apiv2][body] GET https://serviceusage.googleapis.com/v1/projects/digital-library-33e04/services/cloudfunctions.googleapis.com [omitted]
[debug] [2025-11-11T23:51:11.577Z] <<< [apiv2][status] GET https://serviceusage.googleapis.com/v1/projects/digital-library-33e04/services/firestore.googleapis.com 200
[debug] [2025-11-11T23:51:11.577Z] <<< [apiv2][body] GET https://serviceusage.googleapis.com/v1/projects/digital-library-33e04/services/firestore.googleapis.com [omitted]
[debug] [2025-11-11T23:51:11.619Z] <<< [apiv2][status] GET https://serviceusage.googleapis.com/v1/projects/digital-library-33e04/services/cloudfunctions.googleapis.com 200
[debug] [2025-11-11T23:51:11.619Z] <<< [apiv2][body] GET https://serviceusage.googleapis.com/v1/projects/digital-library-33e04/services/cloudfunctions.googleapis.com [omitted]
[debug] [2025-11-11T23:51:11.620Z] <<< [apiv2][status] GET https://serviceusage.googleapis.com/v1/projects/digital-library-33e04/services/firebasedataconnect.googleapis.com 200
[debug] [2025-11-11T23:51:11.620Z] <<< [apiv2][body] GET https://serviceusage.googleapis.com/v1/projects/digital-library-33e04/services/firebasedataconnect.googleapis.com [omitted]
[debug] [2025-11-11T23:51:11.627Z] <<< [apiv2][status] GET https://serviceusage.googleapis.com/v1/projects/digital-library-33e04/services/firebasedataconnect.googleapis.com 200
[debug] [2025-11-11T23:51:11.627Z] <<< [apiv2][body] GET https://serviceusage.googleapis.com/v1/projects/digital-library-33e04/services/firebasedataconnect.googleapis.com [omitted]
[error] Failed to fetch Firebase Project from Studio Workspace because WORKSPACE_SLUG environment variable is empty
[error] Failed to fetch Firebase Project from Studio Workspace because WORKSPACE_SLUG environment variable is empty
[error] Failed to fetch Firebase Project from Studio Workspace because WORKSPACE_SLUG environment variable is empty
[debug] [2025-11-11T23:51:11.650Z] > command requires scopes: ["email","openid","https://www.googleapis.com/auth/cloudplatformprojects.readonly","https://www.googleapis.com/auth/firebase","https://www.googleapis.com/auth/cloud-platform","https://www.googleapis.com/auth/userinfo.email"]
[debug] [2025-11-11T23:51:11.660Z] > authorizing via signed-in user (alberto.tsuna57@gmail.com)
[error] Failed to fetch Firebase Project from Studio Workspace because WORKSPACE_SLUG environment variable is empty
[debug] [2025-11-11T23:51:11.672Z] > command requires scopes: ["email","openid","https://www.googleapis.com/auth/cloudplatformprojects.readonly","https://www.googleapis.com/auth/firebase","https://www.googleapis.com/auth/cloud-platform","https://www.googleapis.com/auth/userinfo.email"]
[debug] [2025-11-11T23:51:11.672Z] > authorizing via signed-in user (alberto.tsuna57@gmail.com)
[debug] [2025-11-11T23:51:11.677Z] <<< [apiv2][status] GET https://serviceusage.googleapis.com/v1/projects/digital-library-33e04/services/firebaseapphosting.googleapis.com 200
[debug] [2025-11-11T23:51:11.678Z] <<< [apiv2][body] GET https://serviceusage.googleapis.com/v1/projects/digital-library-33e04/services/firebaseapphosting.googleapis.com [omitted]
[debug] [2025-11-11T23:51:11.688Z] <<< [apiv2][status] GET https://serviceusage.googleapis.com/v1/projects/digital-library-33e04/services/firestore.googleapis.com 200
[debug] [2025-11-11T23:51:11.688Z] <<< [apiv2][body] GET https://serviceusage.googleapis.com/v1/projects/digital-library-33e04/services/firestore.googleapis.com [omitted]
[debug] [2025-11-11T23:51:11.693Z] <<< [apiv2][status] GET https://serviceusage.googleapis.com/v1/projects/digital-library-33e04/services/firebaseio.com 403
[debug] [2025-11-11T23:51:11.693Z] <<< [apiv2][body] GET https://serviceusage.googleapis.com/v1/projects/digital-library-33e04/services/firebaseio.com [omitted]
[debug] [2025-11-11T23:51:11.696Z] <<< [apiv2][status] GET https://serviceusage.googleapis.com/v1/projects/digital-library-33e04/services/firebaseapphosting.googleapis.com 200
[debug] [2025-11-11T23:51:11.696Z] <<< [apiv2][body] GET https://serviceusage.googleapis.com/v1/projects/digital-library-33e04/services/firebaseapphosting.googleapis.com [omitted]
[error] Failed to fetch Firebase Project from Studio Workspace because WORKSPACE_SLUG environment variable is empty
[error] Failed to fetch Firebase Project from Studio Workspace because WORKSPACE_SLUG environment variable is empty
[error] Failed to fetch Firebase Project from Studio Workspace because WORKSPACE_SLUG environment variable is empty
[error] Failed to fetch Firebase Project from Studio Workspace because WORKSPACE_SLUG environment variable is empty
[debug] [2025-11-11T23:51:53.673Z] > command requires scopes: ["email","openid","https://www.googleapis.com/auth/cloudplatformprojects.readonly","https://www.googleapis.com/auth/firebase","https://www.googleapis.com/auth/cloud-platform","https://www.googleapis.com/auth/userinfo.email"]
[debug] [2025-11-11T23:51:53.674Z] > authorizing via signed-in user (alberto.tsuna57@gmail.com)
[debug] [2025-11-11T23:51:53.701Z] Checked if tokens are valid: true, expires at: 1762908670329
[debug] [2025-11-11T23:51:53.702Z] Checked if tokens are valid: true, expires at: 1762908670329
[debug] [2025-11-11T23:51:53.703Z] Checked if tokens are valid: true, expires at: 1762908670329
[debug] [2025-11-11T23:51:53.703Z] Checked if tokens are valid: true, expires at: 1762908670329
[debug] [2025-11-11T23:51:53.704Z] Checked if tokens are valid: true, expires at: 1762908670329
[debug] [2025-11-11T23:51:53.705Z] Checked if tokens are valid: true, expires at: 1762908670329
[debug] [2025-11-11T23:51:53.722Z] Checked if tokens are valid: true, expires at: 1762908670329
[debug] [2025-11-11T23:51:53.724Z] Checked if tokens are valid: true, expires at: 1762908670329
[debug] [2025-11-11T23:51:53.725Z] Checked if tokens are valid: true, expires at: 1762908670329
[debug] [2025-11-11T23:51:53.725Z] Checked if tokens are valid: true, expires at: 1762908670329
[debug] [2025-11-11T23:51:53.726Z] > command requires scopes: ["email","openid","https://www.googleapis.com/auth/cloudplatformprojects.readonly","https://www.googleapis.com/auth/firebase","https://www.googleapis.com/auth/cloud-platform","https://www.googleapis.com/auth/userinfo.email"]
[debug] [2025-11-11T23:51:53.726Z] > authorizing via signed-in user (alberto.tsuna57@gmail.com)
[debug] [2025-11-11T23:51:53.733Z] >>> [apiv2][query] GET https://serviceusage.googleapis.com/v1/projects/digital-library-33e04/services/firestore.googleapis.com [none]
[debug] [2025-11-11T23:51:53.733Z] >>> [apiv2][(partial)header] GET https://serviceusage.googleapis.com/v1/projects/digital-library-33e04/services/firestore.googleapis.com x-goog-quota-user=projects/digital-library-33e04
[debug] [2025-11-11T23:51:53.794Z] >>> [apiv2][query] GET https://serviceusage.googleapis.com/v1/projects/digital-library-33e04/services/firebasedataconnect.googleapis.com [none]
[debug] [2025-11-11T23:51:53.795Z] >>> [apiv2][(partial)header] GET https://serviceusage.googleapis.com/v1/projects/digital-library-33e04/services/firebasedataconnect.googleapis.com x-goog-quota-user=projects/digital-library-33e04
[debug] [2025-11-11T23:51:53.799Z] >>> [apiv2][query] GET https://serviceusage.googleapis.com/v1/projects/digital-library-33e04/services/cloudfunctions.googleapis.com [none]
[debug] [2025-11-11T23:51:53.799Z] >>> [apiv2][(partial)header] GET https://serviceusage.googleapis.com/v1/projects/digital-library-33e04/services/cloudfunctions.googleapis.com x-goog-quota-user=projects/digital-library-33e04
[debug] [2025-11-11T23:51:53.802Z] >>> [apiv2][query] GET https://serviceusage.googleapis.com/v1/projects/digital-library-33e04/services/firebaseapphosting.googleapis.com [none]
[debug] [2025-11-11T23:51:53.802Z] >>> [apiv2][(partial)header] GET https://serviceusage.googleapis.com/v1/projects/digital-library-33e04/services/firebaseapphosting.googleapis.com x-goog-quota-user=projects/digital-library-33e04
[debug] [2025-11-11T23:51:53.806Z] >>> [apiv2][query] GET https://serviceusage.googleapis.com/v1/projects/digital-library-33e04/services/firebaseio.com [none]
[debug] [2025-11-11T23:51:53.806Z] >>> [apiv2][(partial)header] GET https://serviceusage.googleapis.com/v1/projects/digital-library-33e04/services/firebaseio.com x-goog-quota-user=projects/digital-library-33e04
[debug] [2025-11-11T23:51:53.817Z] Checked if tokens are valid: true, expires at: 1762908670329
[debug] [2025-11-11T23:51:53.817Z] Checked if tokens are valid: true, expires at: 1762908670329
[debug] [2025-11-11T23:51:53.818Z] Checked if tokens are valid: true, expires at: 1762908670329
[debug] [2025-11-11T23:51:53.818Z] Checked if tokens are valid: true, expires at: 1762908670329
[debug] [2025-11-11T23:51:53.818Z] Checked if tokens are valid: true, expires at: 1762908670329
[debug] [2025-11-11T23:51:53.818Z] Checked if tokens are valid: true, expires at: 1762908670329
[debug] [2025-11-11T23:51:53.832Z] Checked if tokens are valid: true, expires at: 1762908670329
[debug] [2025-11-11T23:51:53.833Z] Checked if tokens are valid: true, expires at: 1762908670329
[debug] [2025-11-11T23:51:53.833Z] Checked if tokens are valid: true, expires at: 1762908670329
[debug] [2025-11-11T23:51:53.833Z] Checked if tokens are valid: true, expires at: 1762908670329
[debug] [2025-11-11T23:51:53.833Z] >>> [apiv2][query] GET https://serviceusage.googleapis.com/v1/projects/digital-library-33e04/services/firestore.googleapis.com [none]
[debug] [2025-11-11T23:51:53.834Z] >>> [apiv2][(partial)header] GET https://serviceusage.googleapis.com/v1/projects/digital-library-33e04/services/firestore.googleapis.com x-goog-quota-user=projects/digital-library-33e04
[debug] [2025-11-11T23:51:53.840Z] >>> [apiv2][query] GET https://serviceusage.googleapis.com/v1/projects/digital-library-33e04/services/firebasedataconnect.googleapis.com [none]
[debug] [2025-11-11T23:51:53.841Z] >>> [apiv2][(partial)header] GET https://serviceusage.googleapis.com/v1/projects/digital-library-33e04/services/firebasedataconnect.googleapis.com x-goog-quota-user=projects/digital-library-33e04
[debug] [2025-11-11T23:51:53.848Z] >>> [apiv2][query] GET https://serviceusage.googleapis.com/v1/projects/digital-library-33e04/services/cloudfunctions.googleapis.com [none]
[debug] [2025-11-11T23:51:53.849Z] >>> [apiv2][(partial)header] GET https://serviceusage.googleapis.com/v1/projects/digital-library-33e04/services/cloudfunctions.googleapis.com x-goog-quota-user=projects/digital-library-33e04
[debug] [2025-11-11T23:51:53.857Z] >>> [apiv2][query] GET https://serviceusage.googleapis.com/v1/projects/digital-library-33e04/services/firebaseapphosting.googleapis.com [none]
[debug] [2025-11-11T23:51:53.857Z] >>> [apiv2][(partial)header] GET https://serviceusage.googleapis.com/v1/projects/digital-library-33e04/services/firebaseapphosting.googleapis.com x-goog-quota-user=projects/digital-library-33e04
[debug] [2025-11-11T23:51:53.860Z] >>> [apiv2][query] GET https://serviceusage.googleapis.com/v1/projects/digital-library-33e04/services/firebaseio.com [none]
[debug] [2025-11-11T23:51:53.860Z] >>> [apiv2][(partial)header] GET https://serviceusage.googleapis.com/v1/projects/digital-library-33e04/services/firebaseio.com x-goog-quota-user=projects/digital-library-33e04
[debug] [2025-11-11T23:51:54.109Z] <<< [apiv2][status] GET https://serviceusage.googleapis.com/v1/projects/digital-library-33e04/services/firebaseio.com 403
[debug] [2025-11-11T23:51:54.109Z] <<< [apiv2][body] GET https://serviceusage.googleapis.com/v1/projects/digital-library-33e04/services/firebaseio.com [omitted]
[debug] [2025-11-11T23:51:54.146Z] <<< [apiv2][status] GET https://serviceusage.googleapis.com/v1/projects/digital-library-33e04/services/firebaseio.com 403
[debug] [2025-11-11T23:51:54.147Z] <<< [apiv2][body] GET https://serviceusage.googleapis.com/v1/projects/digital-library-33e04/services/firebaseio.com [omitted]
[debug] [2025-11-11T23:51:54.158Z] <<< [apiv2][status] GET https://serviceusage.googleapis.com/v1/projects/digital-library-33e04/services/firebaseapphosting.googleapis.com 200
[debug] [2025-11-11T23:51:54.159Z] <<< [apiv2][body] GET https://serviceusage.googleapis.com/v1/projects/digital-library-33e04/services/firebaseapphosting.googleapis.com [omitted]
[debug] [2025-11-11T23:51:54.202Z] <<< [apiv2][status] GET https://serviceusage.googleapis.com/v1/projects/digital-library-33e04/services/firebasedataconnect.googleapis.com 200
[debug] [2025-11-11T23:51:54.202Z] <<< [apiv2][body] GET https://serviceusage.googleapis.com/v1/projects/digital-library-33e04/services/firebasedataconnect.googleapis.com [omitted]
[debug] [2025-11-11T23:51:54.215Z] <<< [apiv2][status] GET https://serviceusage.googleapis.com/v1/projects/digital-library-33e04/services/cloudfunctions.googleapis.com 200
[debug] [2025-11-11T23:51:54.215Z] <<< [apiv2][body] GET https://serviceusage.googleapis.com/v1/projects/digital-library-33e04/services/cloudfunctions.googleapis.com [omitted]
[debug] [2025-11-11T23:51:54.249Z] <<< [apiv2][status] GET https://serviceusage.googleapis.com/v1/projects/digital-library-33e04/services/firebasedataconnect.googleapis.com 200
[debug] [2025-11-11T23:51:54.250Z] <<< [apiv2][body] GET https://serviceusage.googleapis.com/v1/projects/digital-library-33e04/services/firebasedataconnect.googleapis.com [omitted]
[debug] [2025-11-11T23:51:54.259Z] <<< [apiv2][status] GET https://serviceusage.googleapis.com/v1/projects/digital-library-33e04/services/firestore.googleapis.com 200
[debug] [2025-11-11T23:51:54.260Z] <<< [apiv2][body] GET https://serviceusage.googleapis.com/v1/projects/digital-library-33e04/services/firestore.googleapis.com [omitted]
[debug] [2025-11-11T23:51:54.269Z] <<< [apiv2][status] GET https://serviceusage.googleapis.com/v1/projects/digital-library-33e04/services/firestore.googleapis.com 200
[debug] [2025-11-11T23:51:54.269Z] <<< [apiv2][body] GET https://serviceusage.googleapis.com/v1/projects/digital-library-33e04/services/firestore.googleapis.com [omitted]
[debug] [2025-11-11T23:51:54.276Z] <<< [apiv2][status] GET https://serviceusage.googleapis.com/v1/projects/digital-library-33e04/services/firebaseapphosting.googleapis.com 200
[debug] [2025-11-11T23:51:54.277Z] <<< [apiv2][body] GET https://serviceusage.googleapis.com/v1/projects/digital-library-33e04/services/firebaseapphosting.googleapis.com [omitted]
[error] Failed to fetch Firebase Project from Studio Workspace because WORKSPACE_SLUG environment variable is empty
[error] Failed to fetch Firebase Project from Studio Workspace because WORKSPACE_SLUG environment variable is empty
[error] Failed to fetch Firebase Project from Studio Workspace because WORKSPACE_SLUG environment variable is empty
[debug] [2025-11-11T23:51:54.330Z] > command requires scopes: ["email","openid","https://www.googleapis.com/auth/cloudplatformprojects.readonly","https://www.googleapis.com/auth/firebase","https://www.googleapis.com/auth/cloud-platform","https://www.googleapis.com/auth/userinfo.email"]
[debug] [2025-11-11T23:51:54.330Z] > authorizing via signed-in user (alberto.tsuna57@gmail.com)
[error] Failed to fetch Firebase Project from Studio Workspace because WORKSPACE_SLUG environment variable is empty
[debug] [2025-11-11T23:51:54.340Z] > command requires scopes: ["email","openid","https://www.googleapis.com/auth/cloudplatformprojects.readonly","https://www.googleapis.com/auth/firebase","https://www.googleapis.com/auth/cloud-platform","https://www.googleapis.com/auth/userinfo.email"]
[debug] [2025-11-11T23:51:54.342Z] > authorizing via signed-in user (alberto.tsuna57@gmail.com)
[debug] [2025-11-11T23:51:54.347Z] <<< [apiv2][status] GET https://serviceusage.googleapis.com/v1/projects/digital-library-33e04/services/cloudfunctions.googleapis.com 200
[debug] [2025-11-11T23:51:54.347Z] <<< [apiv2][body] GET https://serviceusage.googleapis.com/v1/projects/digital-library-33e04/services/cloudfunctions.googleapis.com [omitted]
[error] Failed to fetch Firebase Project from Studio Workspace because WORKSPACE_SLUG environment variable is empty
[error] Failed to fetch Firebase Project from Studio Workspace because WORKSPACE_SLUG environment variable is empty
[error] Failed to fetch Firebase Project from Studio Workspace because WORKSPACE_SLUG environment variable is empty
[debug] [2025-11-11T23:51:54.416Z] > command requires scopes: ["email","openid","https://www.googleapis.com/auth/cloudplatformprojects.readonly","https://www.googleapis.com/auth/firebase","https://www.googleapis.com/auth/cloud-platform","https://www.googleapis.com/auth/userinfo.email"]
[debug] [2025-11-11T23:51:54.417Z] > authorizing via signed-in user (alberto.tsuna57@gmail.com)
[error] Failed to fetch Firebase Project from Studio Workspace because WORKSPACE_SLUG environment variable is empty
[debug] [2025-11-11T23:51:54.420Z] > command requires scopes: ["email","openid","https://www.googleapis.com/auth/cloudplatformprojects.readonly","https://www.googleapis.com/auth/firebase","https://www.googleapis.com/auth/cloud-platform","https://www.googleapis.com/auth/userinfo.email"]
[debug] [2025-11-11T23:51:54.420Z] > authorizing via signed-in user (alberto.tsuna57@gmail.com)
[error] Failed to fetch Firebase Project from Studio Workspace because WORKSPACE_SLUG environment variable is empty
[error] Failed to fetch Firebase Project from Studio Workspace because WORKSPACE_SLUG environment variable is empty
[error] Failed to fetch Firebase Project from Studio Workspace because WORKSPACE_SLUG environment variable is empty
[debug] [2025-11-11T23:51:54.432Z] > command requires scopes: ["email","openid","https://www.googleapis.com/auth/cloudplatformprojects.readonly","https://www.googleapis.com/auth/firebase","https://www.googleapis.com/auth/cloud-platform","https://www.googleapis.com/auth/userinfo.email"]
[debug] [2025-11-11T23:51:54.432Z] > authorizing via signed-in user (alberto.tsuna57@gmail.com)
[error] Failed to fetch Firebase Project from Studio Workspace because WORKSPACE_SLUG environment variable is empty
[debug] [2025-11-11T23:51:54.434Z] > command requires scopes: ["email","openid","https://www.googleapis.com/auth/cloudplatformprojects.readonly","https://www.googleapis.com/auth/firebase","https://www.googleapis.com/auth/cloud-platform","https://www.googleapis.com/auth/userinfo.email"]
[debug] [2025-11-11T23:51:54.438Z] > authorizing via signed-in user (alberto.tsuna57@gmail.com)
